<?xml version="1.0" encoding="UTF-8"?>
<testsuite xmlns:xsi="http://www.w3.org/2001/XMLSchema-instance" xsi:noNamespaceSchemaLocation="https://maven.apache.org/surefire/maven-surefire-plugin/xsd/surefire-test-report.xsd" name="Runner.Testrunner" time="51.603" tests="4" errors="0" skipped="2" failures="0">
  <properties>
[...]
</properties>
  <testcase name="navigate to url and checking the login page" classname="Negative case" time="6.847"/>
  <testcase name="Enter username and Password" classname="Negative case" time="0">
    <skipped message="Negative crediential is pass"/>
    <system-out><![CDATA[********** Execution Start *********
]]></system-out>
  </testcase>
  <testcase name="Enter username and Password" classname="Negative case" time="0">
    <skipped message="Negative crediential is pass"/>
    <system-out><![CDATA[********** Execution Start *********
]]></system-out>
  </testcase>
  <testcase name="Enter username and Password" classname="Positive case" time="2.236"/>
</testsuite>